<?xml version="1.0" encoding="UTF-8"?>
<!-- Generated by org.testng.reporters.JUnitReportReporter -->
<testsuite hostname="Asini" failures="0" tests="3" name="com.actitime.qa.testcases.LogonPageTest" time="226.544" errors="0" timestamp="25 Sep 2022 16:29:32 GMT" skipped="0">
  <testcase classname="com.actitime.qa.testcases.LogonPageTest" name="loginPageLogoTest" time="26.542"/>
  <testcase classname="com.actitime.qa.testcases.LogonPageTest" name="LoginTest" time="91.479"/>
  <testcase classname="com.actitime.qa.testcases.LogonPageTest" name="LoginTest" time="108.523"/>
</testsuite> <!-- com.actitime.qa.testcases.LogonPageTest -->
