<?xml version="1.0" encoding="UTF-8"?>
<!-- Generated by org.testng.reporters.JUnitReportReporter -->
<testsuite hostname="Asini" failures="0" tests="1" name="com.actitime.qa.testcases.HomePageTest" time="109.919" errors="0" timestamp="25 Sep 2022 16:29:31 GMT" skipped="0">
  <testcase classname="com.actitime.qa.testcases.HomePageTest" name="homePageLogoTest" time="109.919"/>
</testsuite> <!-- com.actitime.qa.testcases.HomePageTest -->
